{"level":"info","message":"undefined - API Server Start At Port 3000","timestamp":"2023-02-01 02:24:52"}
{"level":"info","message":" - API Server Start At Port 3000","timestamp":"2023-02-01 02:25:23"}
{"level":"info","message":"undefined - API Server Start At Port 3000","timestamp":"2023-02-01 02:27:41"}
{"level":"info","message":"undefined - API Server Start At Port undefined","timestamp":"2023-02-01 02:41:21"}
{"level":"info","message":"undefined - API Server Start At Port 3000","timestamp":"2023-02-01 02:41:56"}
{"level":"info","message":"undefined - API Server Start At Port 3000","timestamp":"2023-02-01 02:45:59"}
{"level":"info","message":"undefined - API Server Start At Port 3000","timestamp":"2023-02-01 02:47:00"}
{"level":"info","message":"undefined - API Server Start At Port 3000","timestamp":"2023-02-01 02:47:19"}
{"level":"info","message":"undefined - API Server Start At Port 3000","timestamp":"2023-02-01 02:58:34"}
{"level":"info","message":"undefined - API Server Start At Port 3000","timestamp":"2023-02-01 03:00:23"}
{"level":"info","message":"undefined - API Server Start At Port 3000","timestamp":"2023-02-01 03:00:59"}
{"level":"info","message":"undefined - API Server Start At Port 3000","timestamp":"2023-02-01 03:02:08"}
{"level":"info","message":"undefined - API Server Start At Port 3000","timestamp":"2023-02-01 03:02:36"}
{"level":"info","message":"undefined - API Server Start At Port 3000","timestamp":"2023-02-01 03:10:12"}
{"level":"info","message":"undefined - API Server Start At Port 3000","timestamp":"2023-02-01 03:15:02"}
{"level":"info","message":"undefined - API Server Start At Port 3000","timestamp":"2023-02-01 03:24:25"}
{"level":"info","message":"undefined - API Server Start At Port 3000","timestamp":"2023-02-01 03:26:13"}
{"level":"info","message":"undefined - API Server Start At Port 3000","timestamp":"2023-02-01 03:26:21"}
{"level":"info","message":"undefined - API Server Start At Port 3000","timestamp":"2023-02-01 03:26:56"}
{"level":"info","message":"undefined - API Server Start At Port 3000","timestamp":"2023-02-01 03:27:16"}
{"level":"info","message":"undefined - API Server Start At Port 3000","timestamp":"2023-02-01 03:27:27"}
{"level":"info","message":"undefined - API Server Start At Port 3000","timestamp":"2023-02-01 03:27:29"}
{"level":"error","message":"App - editUser Service error\n: Table 'checkmate.UserInfo' doesn't exist","timestamp":"2023-02-01 20:12:05"}
{"level":"error","message":"App - editUser Service error\n: Table 'checkmate.UserInfo' doesn't exist","timestamp":"2023-02-01 20:14:09"}
{"level":"error","message":"App - editUser Service error\n: userDao.updateUserStatus is not a function","timestamp":"2023-02-01 20:19:38"}
{"level":"error","message":"App - editUser Service error\n: userDao.updateUserStatus is not a function","timestamp":"2023-02-01 20:21:09"}
